[2024/08/21 09:10:15] - Namespace(batch_size=512, data_dir='../../cifar-data', epochs=80, lr_schedule='cyclic', lr_min=0.0, lr_max=0.2, weight_decay=0.0005, momentum=0.9, epsilon=8, attack_iters=7, restarts=1, alpha=2, delta_init='random', out_dir='tmp', seed=0, opt_level='O2', loss_scale='1.0', master_weights=False)
[2024/08/21 09:10:16] - Epoch 	 Seconds 	 LR 	 	 Train Loss 	 Train Acc
[2024/08/21 09:17:10] - 0 	 413.9 	 	 0.0050 	 1.9966 	 0.2652
[2024/08/21 09:24:04] - 1 	 413.6 	 	 0.0100 	 1.4555 	 0.4625
[2024/08/21 09:30:57] - 2 	 413.1 	 	 0.0150 	 1.1373 	 0.5882
[2024/08/21 09:37:53] - 3 	 415.6 	 	 0.0200 	 0.9117 	 0.6746
[2024/08/21 09:44:50] - 4 	 417.2 	 	 0.0250 	 0.7740 	 0.7272
[2024/08/21 09:51:45] - 5 	 415.4 	 	 0.0300 	 0.6763 	 0.7644
[2024/08/21 09:58:39] - 6 	 413.8 	 	 0.0350 	 0.6173 	 0.7840
[2024/08/21 10:05:32] - 7 	 413.2 	 	 0.0400 	 0.5694 	 0.8038
[2024/08/21 10:12:25] - 8 	 412.4 	 	 0.0450 	 0.5165 	 0.8210
[2024/08/21 10:19:17] - 9 	 412.2 	 	 0.0500 	 0.4912 	 0.8291
[2024/08/21 10:26:09] - 10 	 412.6 	 	 0.0550 	 0.4639 	 0.8391
[2024/08/21 10:33:02] - 11 	 412.2 	 	 0.0600 	 0.4343 	 0.8507
[2024/08/21 10:39:55] - 12 	 413.0 	 	 0.0650 	 0.4157 	 0.8570
[2024/08/21 10:46:48] - 13 	 413.0 	 	 0.0700 	 0.3917 	 0.8634
[2024/08/21 10:53:44] - 14 	 415.9 	 	 0.0750 	 0.3823 	 0.8671
[2024/08/21 11:00:38] - 15 	 414.1 	 	 0.0800 	 0.3660 	 0.8725
[2024/08/21 11:07:33] - 16 	 415.6 	 	 0.0850 	 0.3458 	 0.8799
[2024/08/21 11:14:29] - 17 	 415.3 	 	 0.0900 	 0.3395 	 0.8820
[2024/08/21 11:21:25] - 18 	 416.0 	 	 0.0950 	 0.3275 	 0.8857
[2024/08/21 11:28:19] - 19 	 414.5 	 	 0.1000 	 0.3191 	 0.8891
[2024/08/21 11:35:13] - 20 	 413.5 	 	 0.1050 	 0.3084 	 0.8937
[2024/08/21 11:42:07] - 21 	 414.3 	 	 0.1100 	 0.2983 	 0.8968
[2024/08/21 11:49:01] - 22 	 413.7 	 	 0.1150 	 0.2849 	 0.9001
[2024/08/21 11:55:55] - 23 	 414.6 	 	 0.1200 	 0.2800 	 0.9041
[2024/08/21 12:02:48] - 24 	 413.0 	 	 0.1250 	 0.2731 	 0.9040
[2024/08/21 12:09:41] - 25 	 412.9 	 	 0.1300 	 0.2732 	 0.9053
[2024/08/21 12:16:34] - 26 	 412.9 	 	 0.1350 	 0.2643 	 0.9077
[2024/08/21 12:23:27] - 27 	 412.9 	 	 0.1400 	 0.2571 	 0.9112
[2024/08/21 12:30:22] - 28 	 414.7 	 	 0.1450 	 0.2553 	 0.9115
[2024/08/21 12:37:16] - 29 	 414.5 	 	 0.1500 	 0.2488 	 0.9140
[2024/08/21 12:44:10] - 30 	 413.9 	 	 0.1550 	 0.2487 	 0.9136
[2024/08/21 12:51:04] - 31 	 413.9 	 	 0.1600 	 0.2401 	 0.9173
[2024/08/21 12:57:57] - 32 	 413.0 	 	 0.1650 	 0.2359 	 0.9164
[2024/08/21 13:04:50] - 33 	 413.2 	 	 0.1700 	 0.2380 	 0.9179
[2024/08/21 13:11:43] - 34 	 412.9 	 	 0.1750 	 0.2343 	 0.9190
[2024/08/21 13:18:36] - 35 	 412.9 	 	 0.1800 	 0.2340 	 0.9189
[2024/08/21 13:25:29] - 36 	 412.9 	 	 0.1850 	 0.2276 	 0.9211
[2024/08/21 13:32:22] - 37 	 412.9 	 	 0.1900 	 0.2268 	 0.9210
[2024/08/21 13:39:15] - 38 	 412.9 	 	 0.1950 	 0.2302 	 0.9200
[2024/08/21 13:46:07] - 39 	 412.9 	 	 0.2000 	 0.2301 	 0.9213
[2024/08/21 13:53:02] - 40 	 414.3 	 	 0.1950 	 0.2206 	 0.9236
[2024/08/21 13:59:58] - 41 	 416.5 	 	 0.1900 	 0.2186 	 0.9242
[2024/08/21 14:06:52] - 42 	 413.7 	 	 0.1850 	 0.2163 	 0.9255
[2024/08/21 14:13:45] - 43 	 413.6 	 	 0.1800 	 0.1993 	 0.9315
[2024/08/21 14:20:40] - 44 	 414.2 	 	 0.1750 	 0.2000 	 0.9314
[2024/08/21 14:27:33] - 45 	 413.8 	 	 0.1700 	 0.1956 	 0.9337
[2024/08/21 14:34:27] - 46 	 413.5 	 	 0.1650 	 0.1886 	 0.9345
[2024/08/21 14:41:20] - 47 	 413.2 	 	 0.1600 	 0.1979 	 0.9323
[2024/08/21 14:48:12] - 48 	 412.3 	 	 0.1550 	 0.1786 	 0.9388
[2024/08/21 14:55:05] - 49 	 413.0 	 	 0.1500 	 0.1739 	 0.9405
[2024/08/21 15:01:58] - 50 	 412.7 	 	 0.1450 	 0.1759 	 0.9399
[2024/08/21 15:08:51] - 51 	 412.8 	 	 0.1400 	 0.1678 	 0.9421
[2024/08/21 15:15:43] - 52 	 412.1 	 	 0.1350 	 0.1658 	 0.9440
[2024/08/21 15:22:35] - 53 	 412.1 	 	 0.1300 	 0.1644 	 0.9436
[2024/08/21 15:29:27] - 54 	 412.1 	 	 0.1250 	 0.1504 	 0.9492
[2024/08/21 15:36:19] - 55 	 412.0 	 	 0.1200 	 0.1534 	 0.9469
[2024/08/21 15:43:11] - 56 	 412.0 	 	 0.1150 	 0.1415 	 0.9521
[2024/08/21 15:49:34] - 57 	 382.9 	 	 0.1100 	 0.1376 	 0.9532
[2024/08/21 15:52:46] - 58 	 191.8 	 	 0.1050 	 0.1352 	 0.9540
[2024/08/21 15:55:58] - 59 	 191.8 	 	 0.1000 	 0.1283 	 0.9569
[2024/08/21 15:59:09] - 60 	 191.8 	 	 0.0950 	 0.1202 	 0.9588
[2024/08/21 16:02:22] - 61 	 192.5 	 	 0.0900 	 0.1168 	 0.9606
[2024/08/21 16:05:35] - 62 	 193.3 	 	 0.0850 	 0.1101 	 0.9626
[2024/08/21 16:08:47] - 63 	 191.9 	 	 0.0800 	 0.0992 	 0.9670
[2024/08/21 16:11:59] - 64 	 191.8 	 	 0.0750 	 0.1003 	 0.9661
[2024/08/21 16:15:13] - 65 	 193.8 	 	 0.0700 	 0.0934 	 0.9694
[2024/08/21 16:18:27] - 66 	 194.6 	 	 0.0650 	 0.0844 	 0.9718
[2024/08/21 16:21:43] - 67 	 195.7 	 	 0.0600 	 0.0775 	 0.9738
[2024/08/21 16:25:00] - 68 	 197.0 	 	 0.0550 	 0.0642 	 0.9793
[2024/08/21 16:28:41] - 69 	 220.9 	 	 0.0500 	 0.0611 	 0.9801
[2024/08/21 16:32:11] - 70 	 210.2 	 	 0.0450 	 0.0554 	 0.9821
[2024/08/21 16:35:31] - 71 	 199.9 	 	 0.0400 	 0.0466 	 0.9854
[2024/08/21 16:39:45] - 72 	 253.6 	 	 0.0350 	 0.0382 	 0.9881
[2024/08/21 16:45:32] - 73 	 347.4 	 	 0.0300 	 0.0298 	 0.9913
[2024/08/21 16:52:21] - 74 	 408.8 	 	 0.0250 	 0.0194 	 0.9948
[2024/08/21 16:59:08] - 75 	 407.2 	 	 0.0200 	 0.0168 	 0.9952
[2024/08/21 17:04:31] - 76 	 323.3 	 	 0.0150 	 0.0109 	 0.9974
[2024/08/21 17:08:42] - 77 	 251.0 	 	 0.0100 	 0.0081 	 0.9983
[2024/08/21 17:13:42] - 78 	 299.3 	 	 0.0050 	 0.0068 	 0.9986
[2024/08/21 17:16:58] - 79 	 196.5 	 	 0.0000 	 0.0056 	 0.9991
[2024/08/21 17:16:58] - Total train time: 486.6942 minutes
[2024/08/21 17:21:37] - Test Loss 	 Test Acc 	 PGD Loss 	 PGD Acc
[2024/08/21 17:21:37] - 0.5491 	 	 0.8973 	 8.8830 	 0.0001
