[2024/08/22 03:11:33] - Namespace(batch_size=1024, data_dir='../../cifar-data', epochs=80, lr_schedule='cyclic', lr_min=0.0, lr_max=0.2, weight_decay=0.0005, momentum=0.9, epsilon=8, attack_iters=10, restarts=1, alpha=2, delta_init='random', out_dir='alg2_10_8_22', seed=0, opt_level='O2', loss_scale='1.0', master_weights=False)
[2024/08/22 03:11:34] - Epoch 	 Seconds 	 LR 	 	 Train Loss 	 Train Acc
[2024/08/22 03:15:54] - 0 	 260.5 	 	 0.0050 	 2.1152 	 0.2256
[2024/08/22 03:20:15] - 1 	 260.3 	 	 0.0100 	 1.6607 	 0.3851
[2024/08/22 03:24:35] - 2 	 260.3 	 	 0.0150 	 1.3666 	 0.4992
[2024/08/22 03:28:55] - 3 	 260.3 	 	 0.0200 	 1.1201 	 0.5946
[2024/08/22 03:33:15] - 4 	 260.3 	 	 0.0250 	 0.9360 	 0.6661
[2024/08/22 03:37:36] - 5 	 260.3 	 	 0.0300 	 0.8131 	 0.7116
[2024/08/22 03:41:56] - 6 	 260.3 	 	 0.0350 	 0.6987 	 0.7539
[2024/08/22 03:46:16] - 7 	 260.3 	 	 0.0400 	 0.6377 	 0.7765
[2024/08/22 03:50:37] - 8 	 260.3 	 	 0.0450 	 0.5759 	 0.7986
[2024/08/22 03:54:57] - 9 	 260.3 	 	 0.0500 	 0.5343 	 0.8138
[2024/08/22 03:55:44] - Test Loss 	 Test Acc 	 PGD Loss 	 PGD Acc
[2024/08/22 03:55:44] - 0.7300 	 	 0.7763 	 3.1306 	 0.0009
[2024/08/22 04:00:04] - 10 	 260.2 	 	 0.0550 	 0.5014 	 0.8270
[2024/08/22 04:04:25] - 11 	 260.2 	 	 0.0600 	 0.4604 	 0.8407
[2024/08/22 04:08:45] - 12 	 260.2 	 	 0.0650 	 0.4317 	 0.8508
[2024/08/22 04:13:05] - 13 	 260.2 	 	 0.0700 	 0.4164 	 0.8534
[2024/08/22 04:17:25] - 14 	 260.2 	 	 0.0750 	 0.3999 	 0.8603
[2024/08/22 04:21:45] - 15 	 260.2 	 	 0.0800 	 0.3709 	 0.8712
[2024/08/22 04:26:06] - 16 	 260.2 	 	 0.0850 	 0.3610 	 0.8760
[2024/08/22 04:30:26] - 17 	 260.2 	 	 0.0900 	 0.3428 	 0.8789
[2024/08/22 04:34:46] - 18 	 260.2 	 	 0.0950 	 0.3290 	 0.8856
[2024/08/22 04:39:06] - 19 	 260.2 	 	 0.1000 	 0.3212 	 0.8890
[2024/08/22 04:39:56] - Test Loss 	 Test Acc 	 PGD Loss 	 PGD Acc
[2024/08/22 04:39:56] - 0.7447 	 	 0.8046 	 4.2624 	 0.0017
[2024/08/22 04:44:16] - 20 	 260.2 	 	 0.1050 	 0.3058 	 0.8941
[2024/08/22 04:48:37] - 21 	 260.2 	 	 0.1100 	 0.2975 	 0.8956
[2024/08/22 04:52:57] - 22 	 260.2 	 	 0.1150 	 0.2792 	 0.9020
[2024/08/22 04:57:17] - 23 	 260.2 	 	 0.1200 	 0.2754 	 0.9050
[2024/08/22 05:01:37] - 24 	 260.2 	 	 0.1250 	 0.2633 	 0.9078
[2024/08/22 05:05:58] - 25 	 260.3 	 	 0.1300 	 0.2498 	 0.9140
[2024/08/22 05:10:18] - 26 	 260.2 	 	 0.1350 	 0.2469 	 0.9136
[2024/08/22 05:14:38] - 27 	 260.2 	 	 0.1400 	 0.2407 	 0.9165
[2024/08/22 05:18:58] - 28 	 260.2 	 	 0.1450 	 0.2385 	 0.9179
[2024/08/22 05:23:19] - 29 	 260.2 	 	 0.1500 	 0.2273 	 0.9213
[2024/08/22 05:24:05] - Test Loss 	 Test Acc 	 PGD Loss 	 PGD Acc
[2024/08/22 05:24:05] - 0.7443 	 	 0.8186 	 5.2026 	 0.0005
[2024/08/22 05:28:26] - 30 	 260.1 	 	 0.1550 	 0.2210 	 0.9231
[2024/08/22 05:32:46] - 31 	 260.2 	 	 0.1600 	 0.2190 	 0.9238
[2024/08/22 05:37:06] - 32 	 260.2 	 	 0.1650 	 0.2035 	 0.9297
[2024/08/22 05:41:26] - 33 	 260.2 	 	 0.1700 	 0.2045 	 0.9282
[2024/08/22 05:45:46] - 34 	 260.2 	 	 0.1750 	 0.2037 	 0.9284
[2024/08/22 05:50:07] - 35 	 260.2 	 	 0.1800 	 0.1943 	 0.9321
[2024/08/22 05:54:27] - 36 	 260.2 	 	 0.1850 	 0.1925 	 0.9318
[2024/08/22 05:58:47] - 37 	 260.2 	 	 0.1900 	 0.1873 	 0.9339
[2024/08/22 06:03:07] - 38 	 260.2 	 	 0.1950 	 0.1837 	 0.9360
[2024/08/22 06:07:28] - 39 	 260.2 	 	 0.2000 	 0.1825 	 0.9350
[2024/08/22 06:08:15] - Test Loss 	 Test Acc 	 PGD Loss 	 PGD Acc
[2024/08/22 06:08:15] - 0.7352 	 	 0.8433 	 5.9089 	 0.0002
[2024/08/22 06:12:35] - 40 	 260.1 	 	 0.1950 	 0.1674 	 0.9414
[2024/08/22 06:16:55] - 41 	 260.2 	 	 0.1900 	 0.1761 	 0.9387
[2024/08/22 06:21:15] - 42 	 260.2 	 	 0.1850 	 0.1576 	 0.9446
[2024/08/22 06:25:35] - 43 	 260.2 	 	 0.1800 	 0.1523 	 0.9475
[2024/08/22 06:29:56] - 44 	 260.2 	 	 0.1750 	 0.1473 	 0.9496
[2024/08/22 06:34:16] - 45 	 260.2 	 	 0.1700 	 0.1358 	 0.9522
[2024/08/22 06:38:36] - 46 	 260.2 	 	 0.1650 	 0.1330 	 0.9541
[2024/08/22 06:42:56] - 47 	 260.2 	 	 0.1600 	 0.1268 	 0.9557
[2024/08/22 06:47:17] - 48 	 260.2 	 	 0.1550 	 0.1269 	 0.9562
[2024/08/22 06:51:37] - 49 	 260.2 	 	 0.1500 	 0.1141 	 0.9609
[2024/08/22 06:52:24] - Test Loss 	 Test Acc 	 PGD Loss 	 PGD Acc
[2024/08/22 06:52:24] - 0.7685 	 	 0.8464 	 6.5171 	 0.0010
[2024/08/22 06:56:44] - 50 	 260.1 	 	 0.1450 	 0.1122 	 0.9617
[2024/08/22 07:01:05] - 51 	 260.3 	 	 0.1400 	 0.1000 	 0.9660
[2024/08/22 07:05:25] - 52 	 260.2 	 	 0.1350 	 0.1099 	 0.9618
[2024/08/22 07:09:45] - 53 	 260.2 	 	 0.1300 	 0.0988 	 0.9654
[2024/08/22 07:14:05] - 54 	 260.2 	 	 0.1250 	 0.0892 	 0.9697
[2024/08/22 07:18:25] - 55 	 260.2 	 	 0.1200 	 0.0913 	 0.9686
[2024/08/22 07:22:46] - 56 	 260.2 	 	 0.1150 	 0.0866 	 0.9703
[2024/08/22 07:27:06] - 57 	 260.2 	 	 0.1100 	 0.0767 	 0.9742
[2024/08/22 07:31:26] - 58 	 260.2 	 	 0.1050 	 0.0740 	 0.9752
[2024/08/22 07:35:46] - 59 	 260.2 	 	 0.1000 	 0.0696 	 0.9764
[2024/08/22 07:36:31] - Test Loss 	 Test Acc 	 PGD Loss 	 PGD Acc
[2024/08/22 07:36:31] - 0.7410 	 	 0.8561 	 7.0746 	 0.0002
[2024/08/22 07:40:51] - 60 	 260.2 	 	 0.0950 	 0.0637 	 0.9784
[2024/08/22 07:45:11] - 61 	 260.2 	 	 0.0900 	 0.0599 	 0.9801
[2024/08/22 07:49:31] - 62 	 260.2 	 	 0.0850 	 0.0575 	 0.9806
[2024/08/22 07:53:52] - 63 	 260.2 	 	 0.0800 	 0.0513 	 0.9830
[2024/08/22 07:58:12] - 64 	 260.2 	 	 0.0750 	 0.0479 	 0.9842
[2024/08/22 08:02:32] - 65 	 260.2 	 	 0.0700 	 0.0450 	 0.9854
[2024/08/22 08:06:52] - 66 	 260.2 	 	 0.0650 	 0.0407 	 0.9872
[2024/08/22 08:11:13] - 67 	 260.2 	 	 0.0600 	 0.0334 	 0.9894
[2024/08/22 08:15:33] - 68 	 260.2 	 	 0.0550 	 0.0287 	 0.9911
[2024/08/22 08:19:53] - 69 	 260.2 	 	 0.0500 	 0.0242 	 0.9928
[2024/08/22 08:20:36] - Test Loss 	 Test Acc 	 PGD Loss 	 PGD Acc
[2024/08/22 08:20:36] - 0.6218 	 	 0.8817 	 7.1964 	 0.0003
[2024/08/22 08:24:57] - 70 	 260.1 	 	 0.0450 	 0.0199 	 0.9940
[2024/08/22 08:29:17] - 71 	 260.2 	 	 0.0400 	 0.0145 	 0.9960
[2024/08/22 08:33:37] - 72 	 260.2 	 	 0.0350 	 0.0147 	 0.9959
[2024/08/22 08:37:57] - 73 	 260.2 	 	 0.0300 	 0.0114 	 0.9970
[2024/08/22 08:42:17] - 74 	 260.2 	 	 0.0250 	 0.0087 	 0.9981
[2024/08/22 08:46:38] - 75 	 260.2 	 	 0.0200 	 0.0061 	 0.9988
[2024/08/22 08:50:58] - 76 	 260.2 	 	 0.0150 	 0.0045 	 0.9992
[2024/08/22 08:55:18] - 77 	 260.2 	 	 0.0100 	 0.0046 	 0.9991
[2024/08/22 08:59:38] - 78 	 260.2 	 	 0.0050 	 0.0039 	 0.9993
[2024/08/22 09:03:58] - 79 	 260.2 	 	 0.0000 	 0.0040 	 0.9993
[2024/08/22 09:04:46] - Test Loss 	 Test Acc 	 PGD Loss 	 PGD Acc
[2024/08/22 09:04:46] - 0.5029 	 	 0.9021 	 6.9792 	 0.0007
[2024/08/22 09:04:46] - Total train time: 353.1986 minutes
[2024/08/22 09:09:35] - Test Loss 	 Test Acc 	 PGD Loss 	 PGD Acc
[2024/08/22 09:09:35] - 0.5029 	 	 0.9021 	 9.5044 	 0.0001
