[2024/08/22 09:09:37] - Namespace(batch_size=1024, data_dir='../../cifar-data', epochs=100, lr_schedule='cyclic', lr_min=0.0, lr_max=0.2, weight_decay=0.0005, momentum=0.9, epsilon=8, attack_iters=20, restarts=5, alpha=2, delta_init='random', out_dir='pgd_20_8_22', seed=0, opt_level='O2', loss_scale='1.0', master_weights=False)
[2024/08/22 09:09:38] - Epoch 	 Seconds 	 LR 	 	 Train Loss 	 Train Acc
[2024/08/22 09:17:52] - 0 	 494.5 	 	 0.0040 	 2.8134 	 0.0289
[2024/08/22 09:26:05] - 1 	 492.5 	 	 0.0080 	 2.2260 	 0.1542
[2024/08/22 09:34:19] - 2 	 494.1 	 	 0.0120 	 2.1564 	 0.1937
[2024/08/22 09:42:33] - 3 	 494.5 	 	 0.0160 	 2.0991 	 0.2162
[2024/08/22 09:50:46] - 4 	 492.7 	 	 0.0200 	 2.0452 	 0.2346
[2024/08/22 09:58:59] - 5 	 492.5 	 	 0.0240 	 2.0039 	 0.2483
[2024/08/22 10:07:11] - 6 	 492.5 	 	 0.0280 	 1.9680 	 0.2584
[2024/08/22 10:15:24] - 7 	 492.5 	 	 0.0320 	 1.9331 	 0.2707
[2024/08/22 10:23:36] - 8 	 492.5 	 	 0.0360 	 1.9099 	 0.2801
[2024/08/22 10:31:49] - 9 	 492.5 	 	 0.0400 	 1.8819 	 0.2888
[2024/08/22 10:39:36] - Test Loss 	 Test Acc 	 PGD Loss 	 PGD Acc
[2024/08/22 10:39:36] - 1.5063 	 	 0.4709 	 1.6239 	 0.2951
[2024/08/22 10:47:49] - 10 	 492.5 	 	 0.0440 	 1.8605 	 0.2990
[2024/08/22 10:56:01] - 11 	 492.5 	 	 0.0480 	 1.8360 	 0.3044
[2024/08/22 11:04:14] - 12 	 492.5 	 	 0.0520 	 1.8114 	 0.3161
[2024/08/22 11:12:27] - 13 	 492.6 	 	 0.0560 	 1.7879 	 0.3240
[2024/08/22 11:20:39] - 14 	 492.5 	 	 0.0600 	 1.7662 	 0.3300
[2024/08/22 11:28:52] - 15 	 492.5 	 	 0.0640 	 1.7496 	 0.3375
[2024/08/22 11:37:04] - 16 	 492.6 	 	 0.0680 	 1.7194 	 0.3467
[2024/08/22 11:45:17] - 17 	 492.6 	 	 0.0720 	 1.7017 	 0.3540
[2024/08/22 11:53:29] - 18 	 492.5 	 	 0.0760 	 1.6850 	 0.3594
[2024/08/22 12:01:42] - 19 	 492.5 	 	 0.0800 	 1.6569 	 0.3723
[2024/08/22 12:09:30] - Test Loss 	 Test Acc 	 PGD Loss 	 PGD Acc
[2024/08/22 12:09:30] - 1.2016 	 	 0.5664 	 1.3840 	 0.3595
[2024/08/22 12:17:42] - 20 	 492.5 	 	 0.0840 	 1.6432 	 0.3770
[2024/08/22 12:25:55] - 21 	 492.5 	 	 0.0880 	 1.6162 	 0.3853
[2024/08/22 12:34:07] - 22 	 492.5 	 	 0.0920 	 1.6043 	 0.3894
[2024/08/22 12:42:20] - 23 	 492.5 	 	 0.0960 	 1.5796 	 0.3991
[2024/08/22 12:50:32] - 24 	 492.5 	 	 0.1000 	 1.5678 	 0.4035
[2024/08/22 12:58:46] - 25 	 493.2 	 	 0.1040 	 1.5455 	 0.4113
[2024/08/22 13:07:00] - 26 	 494.2 	 	 0.1080 	 1.5318 	 0.4142
[2024/08/22 13:15:14] - 27 	 494.4 	 	 0.1120 	 1.5167 	 0.4204
[2024/08/22 13:23:28] - 28 	 494.3 	 	 0.1160 	 1.5017 	 0.4257
[2024/08/22 13:31:43] - 29 	 494.2 	 	 0.1200 	 1.4863 	 0.4296
[2024/08/22 13:39:32] - Test Loss 	 Test Acc 	 PGD Loss 	 PGD Acc
[2024/08/22 13:39:32] - 0.9856 	 	 0.6722 	 1.2222 	 0.4009
[2024/08/22 13:47:46] - 30 	 494.2 	 	 0.1240 	 1.4775 	 0.4320
[2024/08/22 13:56:01] - 31 	 494.2 	 	 0.1280 	 1.4615 	 0.4405
[2024/08/22 14:04:15] - 32 	 494.2 	 	 0.1320 	 1.4490 	 0.4447
[2024/08/22 14:12:29] - 33 	 494.2 	 	 0.1360 	 1.4344 	 0.4505
[2024/08/22 14:20:43] - 34 	 494.2 	 	 0.1400 	 1.4266 	 0.4540
[2024/08/22 14:28:58] - 35 	 495.1 	 	 0.1440 	 1.4185 	 0.4579
[2024/08/22 14:37:12] - 36 	 493.7 	 	 0.1480 	 1.4029 	 0.4629
