[2024/08/21 19:44:22] - Namespace(batch_size=1024, data_dir='../../cifar-data', epochs=100, lr_schedule='cyclic', lr_min=0.0, lr_max=0.2, weight_decay=0.0005, momentum=0.9, epsilon=8, attack_iters=10, restarts=1, alpha=2, delta_init='random', out_dir='pgd_10_8_21', seed=0, opt_level='O2', loss_scale='1.0', master_weights=False)
[2024/08/21 19:44:23] - Epoch 	 Seconds 	 LR 	 	 Train Loss 	 Train Acc
[2024/08/21 19:48:41] - 0 	 258.3 	 	 0.0040 	 2.7867 	 0.0272
[2024/08/21 19:53:00] - 1 	 258.6 	 	 0.0080 	 2.2241 	 0.1540
[2024/08/21 19:57:19] - 2 	 258.7 	 	 0.0120 	 2.1535 	 0.1937
[2024/08/21 20:01:37] - 3 	 258.7 	 	 0.0160 	 2.0949 	 0.2165
[2024/08/21 20:05:56] - 4 	 258.6 	 	 0.0200 	 2.0409 	 0.2351
[2024/08/21 20:10:14] - 5 	 258.6 	 	 0.0240 	 1.9998 	 0.2481
[2024/08/21 20:14:33] - 6 	 258.6 	 	 0.0280 	 1.9641 	 0.2592
[2024/08/21 20:18:52] - 7 	 258.6 	 	 0.0320 	 1.9292 	 0.2707
[2024/08/21 20:23:10] - 8 	 258.6 	 	 0.0360 	 1.9060 	 0.2803
[2024/08/21 20:27:29] - 9 	 258.6 	 	 0.0400 	 1.8779 	 0.2891
[2024/08/21 20:28:19] - Test Loss 	 Test Acc 	 PGD Loss 	 PGD Acc
[2024/08/21 20:28:19] - 1.5035 	 	 0.4707 	 1.6151 	 0.2992
[2024/08/21 20:32:38] - 10 	 258.4 	 	 0.0440 	 1.8564 	 0.2987
[2024/08/21 20:36:56] - 11 	 258.6 	 	 0.0480 	 1.8315 	 0.3055
[2024/08/21 20:41:15] - 12 	 258.6 	 	 0.0520 	 1.8066 	 0.3176
[2024/08/21 20:45:34] - 13 	 258.6 	 	 0.0560 	 1.7829 	 0.3256
[2024/08/21 20:49:52] - 14 	 258.6 	 	 0.0600 	 1.7611 	 0.3313
[2024/08/21 20:54:11] - 15 	 258.7 	 	 0.0640 	 1.7441 	 0.3384
[2024/08/21 20:58:30] - 16 	 258.7 	 	 0.0680 	 1.7139 	 0.3474
[2024/08/21 21:02:48] - 17 	 258.6 	 	 0.0720 	 1.6953 	 0.3541
[2024/08/21 21:07:07] - 18 	 258.6 	 	 0.0760 	 1.6785 	 0.3613
[2024/08/21 21:11:26] - 19 	 258.6 	 	 0.0800 	 1.6503 	 0.3740
[2024/08/21 21:12:16] - Test Loss 	 Test Acc 	 PGD Loss 	 PGD Acc
[2024/08/21 21:12:16] - 1.1903 	 	 0.5729 	 1.3645 	 0.3642
[2024/08/21 21:16:34] - 20 	 258.5 	 	 0.0840 	 1.6368 	 0.3788
[2024/08/21 21:20:53] - 21 	 258.6 	 	 0.0880 	 1.6090 	 0.3877
[2024/08/21 21:25:12] - 22 	 258.6 	 	 0.0920 	 1.5964 	 0.3910
[2024/08/21 21:29:30] - 23 	 258.6 	 	 0.0960 	 1.5716 	 0.4016
[2024/08/21 21:33:49] - 24 	 258.6 	 	 0.1000 	 1.5593 	 0.4044
[2024/08/21 21:38:07] - 25 	 258.6 	 	 0.1040 	 1.5366 	 0.4119
[2024/08/21 21:42:26] - 26 	 258.6 	 	 0.1080 	 1.5228 	 0.4157
[2024/08/21 21:46:45] - 27 	 258.6 	 	 0.1120 	 1.5076 	 0.4202
[2024/08/21 21:51:03] - 28 	 258.6 	 	 0.1160 	 1.4917 	 0.4289
[2024/08/21 21:55:22] - 29 	 258.6 	 	 0.1200 	 1.4754 	 0.4333
[2024/08/21 21:56:12] - Test Loss 	 Test Acc 	 PGD Loss 	 PGD Acc
[2024/08/21 21:56:12] - 0.9990 	 	 0.6727 	 1.2223 	 0.4059
[2024/08/21 22:00:30] - 30 	 258.3 	 	 0.1240 	 1.4664 	 0.4361
[2024/08/21 22:04:49] - 31 	 258.4 	 	 0.1280 	 1.4520 	 0.4435
[2024/08/21 22:09:07] - 32 	 258.4 	 	 0.1320 	 1.4380 	 0.4466
[2024/08/21 22:13:25] - 33 	 258.4 	 	 0.1360 	 1.4226 	 0.4523
[2024/08/21 22:17:44] - 34 	 258.4 	 	 0.1400 	 1.4134 	 0.4576
[2024/08/21 22:22:02] - 35 	 258.4 	 	 0.1440 	 1.4068 	 0.4611
[2024/08/21 22:26:21] - 36 	 258.4 	 	 0.1480 	 1.3913 	 0.4676
[2024/08/21 22:30:39] - 37 	 258.4 	 	 0.1520 	 1.3838 	 0.4670
[2024/08/21 22:34:57] - 38 	 258.4 	 	 0.1560 	 1.3715 	 0.4733
[2024/08/21 22:39:16] - 39 	 258.4 	 	 0.1600 	 1.3561 	 0.4760
[2024/08/21 22:40:06] - Test Loss 	 Test Acc 	 PGD Loss 	 PGD Acc
[2024/08/21 22:40:06] - 0.8657 	 	 0.7240 	 1.1260 	 0.4435
[2024/08/21 22:44:25] - 40 	 258.5 	 	 0.1640 	 1.3519 	 0.4765
[2024/08/21 22:48:43] - 41 	 258.6 	 	 0.1680 	 1.3388 	 0.4845
[2024/08/21 22:53:02] - 42 	 258.6 	 	 0.1720 	 1.3298 	 0.4840
[2024/08/21 22:57:20] - 43 	 258.6 	 	 0.1760 	 1.3216 	 0.4881
[2024/08/21 23:01:39] - 44 	 258.6 	 	 0.1800 	 1.3080 	 0.4895
[2024/08/21 23:05:58] - 45 	 258.6 	 	 0.1840 	 1.3017 	 0.4969
[2024/08/21 23:10:16] - 46 	 258.6 	 	 0.1880 	 1.2905 	 0.4998
[2024/08/21 23:14:35] - 47 	 258.6 	 	 0.1920 	 1.2903 	 0.4982
[2024/08/21 23:18:53] - 48 	 258.6 	 	 0.1960 	 1.2762 	 0.5037
[2024/08/21 23:23:12] - 49 	 258.6 	 	 0.2000 	 1.2634 	 0.5093
[2024/08/21 23:24:02] - Test Loss 	 Test Acc 	 PGD Loss 	 PGD Acc
[2024/08/21 23:24:02] - 0.7981 	 	 0.7424 	 1.0694 	 0.4521
[2024/08/21 23:28:21] - 50 	 258.5 	 	 0.1960 	 1.2576 	 0.5114
[2024/08/21 23:32:39] - 51 	 258.6 	 	 0.1920 	 1.2439 	 0.5179
[2024/08/21 23:36:58] - 52 	 258.6 	 	 0.1880 	 1.2331 	 0.5192
[2024/08/21 23:41:17] - 53 	 258.6 	 	 0.1840 	 1.2228 	 0.5229
[2024/08/21 23:45:35] - 54 	 258.6 	 	 0.1800 	 1.2083 	 0.5271
[2024/08/21 23:49:54] - 55 	 258.6 	 	 0.1760 	 1.2026 	 0.5310
[2024/08/21 23:54:12] - 56 	 258.6 	 	 0.1720 	 1.1847 	 0.5344
[2024/08/21 23:58:31] - 57 	 258.6 	 	 0.1680 	 1.1810 	 0.5353
[2024/08/22 00:02:50] - 58 	 258.6 	 	 0.1640 	 1.1640 	 0.5420
[2024/08/22 00:07:08] - 59 	 258.6 	 	 0.1600 	 1.1536 	 0.5455
[2024/08/22 00:07:58] - Test Loss 	 Test Acc 	 PGD Loss 	 PGD Acc
[2024/08/22 00:07:58] - 0.7484 	 	 0.7753 	 1.0332 	 0.4831
[2024/08/22 00:12:17] - 60 	 258.5 	 	 0.1560 	 1.1489 	 0.5480
[2024/08/22 00:16:36] - 61 	 258.6 	 	 0.1520 	 1.1331 	 0.5514
[2024/08/22 00:20:54] - 62 	 258.6 	 	 0.1480 	 1.1231 	 0.5532
[2024/08/22 00:25:13] - 63 	 258.6 	 	 0.1440 	 1.1106 	 0.5580
[2024/08/22 00:29:31] - 64 	 258.6 	 	 0.1400 	 1.1015 	 0.5592
[2024/08/22 00:33:50] - 65 	 258.6 	 	 0.1360 	 1.0940 	 0.5641
[2024/08/22 00:38:08] - 66 	 258.6 	 	 0.1320 	 1.0777 	 0.5693
[2024/08/22 00:42:27] - 67 	 258.6 	 	 0.1280 	 1.0646 	 0.5770
[2024/08/22 00:46:46] - 68 	 258.6 	 	 0.1240 	 1.0470 	 0.5793
[2024/08/22 00:51:04] - 69 	 258.6 	 	 0.1200 	 1.0434 	 0.5817
[2024/08/22 00:51:54] - Test Loss 	 Test Acc 	 PGD Loss 	 PGD Acc
[2024/08/22 00:51:54] - 0.6721 	 	 0.8000 	 0.9803 	 0.4734
[2024/08/22 00:56:13] - 70 	 258.5 	 	 0.1160 	 1.0364 	 0.5823
[2024/08/22 01:00:32] - 71 	 258.6 	 	 0.1120 	 1.0161 	 0.5895
[2024/08/22 01:04:50] - 72 	 258.6 	 	 0.1080 	 1.0037 	 0.5957
[2024/08/22 01:09:09] - 73 	 258.6 	 	 0.1040 	 0.9960 	 0.5974
[2024/08/22 01:13:27] - 74 	 258.6 	 	 0.1000 	 0.9815 	 0.5998
[2024/08/22 01:17:46] - 75 	 258.6 	 	 0.0960 	 0.9709 	 0.6069
[2024/08/22 01:22:05] - 76 	 258.6 	 	 0.0920 	 0.9554 	 0.6101
[2024/08/22 01:26:23] - 77 	 258.6 	 	 0.0880 	 0.9374 	 0.6188
[2024/08/22 01:30:42] - 78 	 258.6 	 	 0.0840 	 0.9214 	 0.6232
[2024/08/22 01:35:00] - 79 	 258.6 	 	 0.0800 	 0.9129 	 0.6257
[2024/08/22 01:35:51] - Test Loss 	 Test Acc 	 PGD Loss 	 PGD Acc
[2024/08/22 01:35:51] - 0.6310 	 	 0.8019 	 0.9524 	 0.4715
[2024/08/22 01:40:09] - 80 	 258.5 	 	 0.0760 	 0.8989 	 0.6301
[2024/08/22 01:44:28] - 81 	 258.6 	 	 0.0720 	 0.8799 	 0.6360
[2024/08/22 01:48:46] - 82 	 258.6 	 	 0.0680 	 0.8632 	 0.6431
[2024/08/22 01:53:05] - 83 	 258.6 	 	 0.0640 	 0.8506 	 0.6446
[2024/08/22 01:57:23] - 84 	 258.6 	 	 0.0600 	 0.8349 	 0.6534
[2024/08/22 02:01:42] - 85 	 258.6 	 	 0.0560 	 0.8140 	 0.6603
[2024/08/22 02:06:01] - 86 	 258.6 	 	 0.0520 	 0.7941 	 0.6703
[2024/08/22 02:10:19] - 87 	 258.6 	 	 0.0480 	 0.7821 	 0.6720
[2024/08/22 02:14:38] - 88 	 258.6 	 	 0.0440 	 0.7594 	 0.6805
[2024/08/22 02:18:56] - 89 	 258.6 	 	 0.0400 	 0.7368 	 0.6906
[2024/08/22 02:19:47] - Test Loss 	 Test Acc 	 PGD Loss 	 PGD Acc
[2024/08/22 02:19:47] - 0.5722 	 	 0.8185 	 0.9187 	 0.4619
[2024/08/22 02:24:05] - 90 	 258.5 	 	 0.0360 	 0.7129 	 0.6989
[2024/08/22 02:28:24] - 91 	 258.6 	 	 0.0320 	 0.6911 	 0.7076
[2024/08/22 02:32:42] - 92 	 258.6 	 	 0.0280 	 0.6625 	 0.7197
[2024/08/22 02:37:01] - 93 	 258.6 	 	 0.0240 	 0.6417 	 0.7257
[2024/08/22 02:41:19] - 94 	 258.6 	 	 0.0200 	 0.6182 	 0.7383
[2024/08/22 02:45:38] - 95 	 258.6 	 	 0.0160 	 0.5853 	 0.7517
[2024/08/22 02:49:57] - 96 	 258.6 	 	 0.0120 	 0.5590 	 0.7621
[2024/08/22 02:54:15] - 97 	 258.6 	 	 0.0080 	 0.5308 	 0.7729
[2024/08/22 02:58:34] - 98 	 258.6 	 	 0.0040 	 0.5065 	 0.7843
[2024/08/22 03:02:52] - 99 	 258.6 	 	 0.0000 	 0.4872 	 0.7945
[2024/08/22 03:03:43] - Test Loss 	 Test Acc 	 PGD Loss 	 PGD Acc
[2024/08/22 03:03:43] - 0.5255 	 	 0.8283 	 0.8969 	 0.4538
[2024/08/22 03:03:43] - Total train time: 439.3293 minutes
[2024/08/22 03:11:31] - Test Loss 	 Test Acc 	 PGD Loss 	 PGD Acc
[2024/08/22 03:11:31] - 0.5255 	 	 0.8283 	 0.9413 	 0.4401
